
Showing logs for build [32mcb-kubecd-environment-pr-192-89-klrn8-1[0m stage [32mfrom-build-pack[0m and container [32mstep-credential-initializer-m4c69[0m
{"level":"warn","ts":1585823657.7929456,"logger":"fallback-logger","caller":"logging/config.go:69","msg":"Fetch GitHub commit ID from kodata failed: \"ref: refs/heads/0.8.0-**-support-backwards-incompats\" is not a valid GitHub commit ID"}
{"level":"info","ts":1585823657.7937016,"logger":"fallback-logger","caller":"creds-init/main.go:40","msg":"Credentials initialized."}

Showing logs for build [32mcb-kubecd-environment-pr-192-89-klrn8-1[0m stage [32mfrom-build-pack[0m and container [32mstep-working-dir-initializer-lwwpn[0m
{"level":"warn","ts":1585823659.2294705,"logger":"fallback-logger","caller":"logging/config.go:69","msg":"Fetch GitHub commit ID from kodata failed: open /var/run/ko/HEAD: no such file or directory"}
{"level":"info","ts":1585823659.2310326,"logger":"fallback-logger","caller":"bash/main.go:64","msg":"Successfully executed command \"sh -c mkdir -p /workspace/source\"; output "}

Showing logs for build [32mcb-kubecd-environment-pr-192-89-klrn8-1[0m stage [32mfrom-build-pack[0m and container [32mstep-place-tools[0m

Showing logs for build [32mcb-kubecd-environment-pr-192-89-klrn8-1[0m stage [32mfrom-build-pack[0m and container [32mstep-git-source-cb-kubecd-environment-pr-192-89-klrn8-qzrtt[0m
{"level":"warn","ts":1585823686.2517514,"logger":"fallback-logger","caller":"logging/config.go:69","msg":"Fetch GitHub commit ID from kodata failed: \"ref: refs/heads/0.8.0-**-support-backwards-incompats\" is not a valid GitHub commit ID"}
{"level":"info","ts":1585823687.297894,"logger":"fallback-logger","caller":"git/git.go:103","msg":"Successfully cloned https://github.com/cb-kubecd/environment-pr-192-89-boot-gke-staging.git @ master in path /workspace/source"}

Showing logs for build [32mcb-kubecd-environment-pr-192-89-klrn8-1[0m stage [32mfrom-build-pack[0m and container [32mstep-git-merge[0m
Using SHAs from PULL_REFS=master:80e9f23a0b6169a210e8e2b121a8aebd141085da,1:cf359b957349b38e0c1d7c2bea7217a339fc7fdf
DEBUG: LC_ALL=C JX_LOG_LEVEL=error git fetch origin --unshallow cf359b957349b38e0c1d7c2bea7217a339fc7fdf: 80e9f23a0b6169a210e8e2b121a8aebd141085da:
DEBUG: ran git fetch --unshallow origin cf359b957349b38e0c1d7c2bea7217a339fc7fdf: 80e9f23a0b6169a210e8e2b121a8aebd141085da: in 
DEBUG: JX_LOG_LEVEL=error LC_ALL=C git branch
DEBUG: LC_ALL=C JX_LOG_LEVEL=error git checkout master
DEBUG: ran git checkout master in 
DEBUG: LC_ALL=C JX_LOG_LEVEL=error git reset --hard 80e9f23a0b6169a210e8e2b121a8aebd141085da
DEBUG: ran git reset --hard 80e9f23a0b6169a210e8e2b121a8aebd141085da in 
DEBUG: LC_ALL=C JX_LOG_LEVEL=error git clean -fd .
DEBUG: ran clean --force -d . in 
DEBUG: LC_ALL=C JX_LOG_LEVEL=error git merge cf359b957349b38e0c1d7c2bea7217a339fc7fdf
DEBUG: ran git merge cf359b957349b38e0c1d7c2bea7217a339fc7fdf in 
DEBUG: LC_ALL=C JX_LOG_LEVEL=error git log --format=%H%x1f%an%x1f%ae%x1f%cn%x1f%ce%x1f%s%n%b%x1e 80e9f23a0b6169a210e8e2b121a8aebd141085da..HEAD
Merged SHA cf359b957349b38e0c1d7c2bea7217a339fc7fdf with commit message 'chore: Promote bdd-spring-1585823334 to version 0.0.1' into base branch master

Showing logs for build [32mcb-kubecd-environment-pr-192-89-klrn8-1[0m stage [32mfrom-build-pack[0m and container [32mstep-build-helm-build[0m
WARNING: No $CHART_REPOSITORY defined so using the default value of: http://jenkins-x-chartmuseum:8080
Adding missing Helm repo: storage.googleapis.com https://storage.googleapis.com/chartmuseum.jenkins-x.io
WARNING: No secrets found on "helm/repos" due: reading the secret "helm/repos" from vault: no secret "helm/repos" not found in vault
Read credentials for https://storage.googleapis.com/chartmuseum.jenkins-x.io from vault helm/repos
Successfully added Helm repository storage.googleapis.com.
Adding missing Helm repo: jenkins-x-chartmuseum http://jenkins-x-chartmuseum:8080
WARNING: No secrets found on "helm/repos" due: reading the secret "helm/repos" from vault: no secret "helm/repos" not found in vault
Read credentials for http://jenkins-x-chartmuseum:8080 from vault helm/repos
Successfully added Helm repository jenkins-x-chartmuseum.
WARNING: No $CHART_REPOSITORY defined so using the default value of: http://jenkins-x-chartmuseum:8080
Adding missing Helm repo: chartmuseum.jenkins-x.io http://chartmuseum.jenkins-x.io
WARNING: No secrets found on "helm/repos" due: reading the secret "helm/repos" from vault: no secret "helm/repos" not found in vault
Read credentials for http://chartmuseum.jenkins-x.io from vault helm/repos
Successfully added Helm repository chartmuseum.jenkins-x.io.
