
Showing logs for build [32mcb-kubecd-environment-pr-192-89-77vlw-1[0m stage [32mfrom-build-pack[0m and container [32mstep-credential-initializer-4dbln[0m
{"level":"warn","ts":1585824669.435498,"logger":"fallback-logger","caller":"logging/config.go:69","msg":"Fetch GitHub commit ID from kodata failed: \"ref: refs/heads/0.8.0-**-support-backwards-incompats\" is not a valid GitHub commit ID"}
{"level":"info","ts":1585824669.4361935,"logger":"fallback-logger","caller":"creds-init/main.go:40","msg":"Credentials initialized."}

Showing logs for build [32mcb-kubecd-environment-pr-192-89-77vlw-1[0m stage [32mfrom-build-pack[0m and container [32mstep-working-dir-initializer-bq5xd[0m
{"level":"warn","ts":1585824670.8149397,"logger":"fallback-logger","caller":"logging/config.go:69","msg":"Fetch GitHub commit ID from kodata failed: open /var/run/ko/HEAD: no such file or directory"}
{"level":"info","ts":1585824670.8162806,"logger":"fallback-logger","caller":"bash/main.go:64","msg":"Successfully executed command \"sh -c mkdir -p /workspace/source\"; output "}

Showing logs for build [32mcb-kubecd-environment-pr-192-89-77vlw-1[0m stage [32mfrom-build-pack[0m and container [32mstep-place-tools[0m

Showing logs for build [32mcb-kubecd-environment-pr-192-89-77vlw-1[0m stage [32mfrom-build-pack[0m and container [32mstep-git-source-cb-kubecd-environment-pr-192-89-77vlw-k8x5b[0m
{"level":"warn","ts":1585824674.9123561,"logger":"fallback-logger","caller":"logging/config.go:69","msg":"Fetch GitHub commit ID from kodata failed: \"ref: refs/heads/0.8.0-**-support-backwards-incompats\" is not a valid GitHub commit ID"}
{"level":"info","ts":1585824675.9500828,"logger":"fallback-logger","caller":"git/git.go:103","msg":"Successfully cloned https://github.com/cb-kubecd/environment-pr-192-89-boot-gke-staging.git @ master in path /workspace/source"}

Showing logs for build [32mcb-kubecd-environment-pr-192-89-77vlw-1[0m stage [32mfrom-build-pack[0m and container [32mstep-git-merge[0m
Using SHAs from PULL_REFS=master:f3e295c878f738a235bc2aad300e0a60c492ebaf,2:ab6f88f60b37f54da2bb0199d03f5d97bc2c7588
DEBUG: LC_ALL=C JX_LOG_LEVEL=error git fetch origin --unshallow ab6f88f60b37f54da2bb0199d03f5d97bc2c7588: f3e295c878f738a235bc2aad300e0a60c492ebaf:
DEBUG: ran git fetch --unshallow origin ab6f88f60b37f54da2bb0199d03f5d97bc2c7588: f3e295c878f738a235bc2aad300e0a60c492ebaf: in 
DEBUG: LC_ALL=C JX_LOG_LEVEL=error git branch
DEBUG: LC_ALL=C JX_LOG_LEVEL=error git checkout master
DEBUG: ran git checkout master in 
DEBUG: LC_ALL=C JX_LOG_LEVEL=error git reset --hard f3e295c878f738a235bc2aad300e0a60c492ebaf
DEBUG: ran git reset --hard f3e295c878f738a235bc2aad300e0a60c492ebaf in 
DEBUG: LC_ALL=C JX_LOG_LEVEL=error git clean -fd .
DEBUG: ran clean --force -d . in 
DEBUG: LC_ALL=C JX_LOG_LEVEL=error git merge ab6f88f60b37f54da2bb0199d03f5d97bc2c7588
DEBUG: ran git merge ab6f88f60b37f54da2bb0199d03f5d97bc2c7588 in 
DEBUG: LC_ALL=C JX_LOG_LEVEL=error git log --format=%H%x1f%an%x1f%ae%x1f%cn%x1f%ce%x1f%s%n%b%x1e f3e295c878f738a235bc2aad300e0a60c492ebaf..HEAD
Merged SHA ab6f88f60b37f54da2bb0199d03f5d97bc2c7588 with commit message 'chore: Promote bdd-nh-1585824341 to version 0.0.1' into base branch master

Showing logs for build [32mcb-kubecd-environment-pr-192-89-77vlw-1[0m stage [32mfrom-build-pack[0m and container [32mstep-build-helm-build[0m
WARNING: No $CHART_REPOSITORY defined so using the default value of: http://jenkins-x-chartmuseum:8080
Adding missing Helm repo: storage.googleapis.com https://storage.googleapis.com/chartmuseum.jenkins-x.io
WARNING: No secrets found on "helm/repos" due: reading the secret "helm/repos" from vault: no secret "helm/repos" not found in vault
Read credentials for https://storage.googleapis.com/chartmuseum.jenkins-x.io from vault helm/repos
Successfully added Helm repository storage.googleapis.com.
Adding missing Helm repo: jenkins-x-chartmuseum http://jenkins-x-chartmuseum:8080
WARNING: No secrets found on "helm/repos" due: reading the secret "helm/repos" from vault: no secret "helm/repos" not found in vault
Read credentials for http://jenkins-x-chartmuseum:8080 from vault helm/repos
Successfully added Helm repository jenkins-x-chartmuseum.
WARNING: No $CHART_REPOSITORY defined so using the default value of: http://jenkins-x-chartmuseum:8080
Adding missing Helm repo: chartmuseum.jenkins-x.io http://chartmuseum.jenkins-x.io
WARNING: No secrets found on "helm/repos" due: reading the secret "helm/repos" from vault: no secret "helm/repos" not found in vault
Read credentials for http://chartmuseum.jenkins-x.io from vault helm/repos
Successfully added Helm repository chartmuseum.jenkins-x.io.
